<?xml version="1.0" encoding="UTF-8"?>
<testsuite hostname="5CG7084JWD840" name="com.test.dush.NewTest" tests="1" failures="0" timestamp="21 Sep 2018 06:20:07 GMT" time="0.263" errors="0">
  <testcase name="@BeforeClass beforeClass" time="0.0" classname="com.test.dush.NewTest">
    <failure type="java.io.IOException" message="Cannot run program &amp;quot;java -jar C:\Users\sreddy6\Desktop\Framework\TestJenkins\libs\selenium-server-standalone-3.9.1.jar -role hub -port 4437&amp;quot;: CreateProcess error=2, The system cannot find the file specified">
      <![CDATA[java.io.IOException: Cannot run program "java -jar C:\Users\sreddy6\Desktop\Framework\TestJenkins\libs\selenium-server-standalone-3.9.1.jar -role hub -port 4437": CreateProcess error=2, The system cannot find the file specified
	at java.lang.ProcessBuilder.start(Unknown Source)
	at com.test.dush.NewTest.beforeClass(NewTest.java:28)
Caused by: java.io.IOException: CreateProcess error=2, The system cannot find the file specified
	at java.lang.ProcessImpl.create(Native Method)
	at java.lang.ProcessImpl.<init>(Unknown Source)
	at java.lang.ProcessImpl.start(Unknown Source)
	... 26 more
... Removed 24 stack frames]]>
    </failure>
  </testcase>
  <testcase name="@AfterClass afterClass" time="0.0" classname="com.test.dush.NewTest">
    <skipped/>
  </testcase>
  <testcase name="openMyBlog" time="0.001" classname="com.test.dush.NewTest">
    <skipped/>
  </testcase>
</testsuite>
